[2024-07-09T16:26:14.309+08:00] [INFO] [org.hibernate.validator.internal.util.Version] [] [] [] [] [] [] [Version.java,21,org.hibernate.validator.internal.util.Version,<clinit>] [HV000001: Hibernate Validator 6.1.7.Final] ## ''
[2024-07-09T16:26:14.342+08:00] [INFO] [com.jqmk.examsystem.ExamSystemApplication] [] [] [] [] [] [] [StartupInfoLogger.java,55,org.springframework.boot.StartupInfoLogger,logStarting] [Starting ExamSystemApplication using Java 1.8.0_401 on LAPTOP-EL47K0PH with PID 7184 (D:\JAVA\2024暑假导师项目\jq-exam-system\target\classes started by 2021、 in D:\JAVA\2024暑假导师项目\jq-exam-system)] ## ''
[2024-07-09T16:26:14.346+08:00] [INFO] [com.jqmk.examsystem.ExamSystemApplication] [] [] [] [] [] [] [SpringApplication.java,675,org.springframework.boot.SpringApplication,logStartupProfileInfo] [No active profile set, falling back to default profiles: default] ## ''
[2024-07-09T16:26:15.346+08:00] [INFO] [org.springframework.boot.web.embedded.tomcat.TomcatWebServer] [] [] [] [] [] [] [TomcatWebServer.java,108,org.springframework.boot.web.embedded.tomcat.TomcatWebServer,initialize] [Tomcat initialized with port(s): 5389 (http)] ## ''
[2024-07-09T16:26:15.454+08:00] [INFO] [org.springframework.boot.web.servlet.context.ServletWebServerApplicationContext] [] [] [] [] [] [] [ServletWebServerApplicationContext.java,289,org.springframework.boot.web.servlet.context.ServletWebServerApplicationContext,prepareWebApplicationContext] [Root WebApplicationContext: initialization completed in 1068 ms] ## ''
[2024-07-09T16:26:17.114+08:00] [INFO] [org.springframework.scheduling.concurrent.ThreadPoolTaskExecutor] [] [] [] [] [] [] [ExecutorConfigurationSupport.java,181,org.springframework.scheduling.concurrent.ExecutorConfigurationSupport,initialize] [Initializing ExecutorService 'applicationTaskExecutor'] ## ''
[2024-07-09T16:26:17.276+08:00] [INFO] [org.springframework.scheduling.concurrent.ThreadPoolTaskScheduler] [] [] [] [] [] [] [ExecutorConfigurationSupport.java,181,org.springframework.scheduling.concurrent.ExecutorConfigurationSupport,initialize] [Initializing ExecutorService 'taskScheduler'] ## ''
[2024-07-09T16:26:17.328+08:00] [INFO] [org.springframework.boot.web.embedded.tomcat.TomcatWebServer] [] [] [] [] [] [] [TomcatWebServer.java,220,org.springframework.boot.web.embedded.tomcat.TomcatWebServer,start] [Tomcat started on port(s): 5389 (http) with context path '/jqmk'] ## ''
[2024-07-09T16:26:17.341+08:00] [INFO] [com.jqmk.examsystem.ExamSystemApplication] [] [] [] [] [] [] [StartupInfoLogger.java,61,org.springframework.boot.StartupInfoLogger,logStarted] [Started ExamSystemApplication in 3.332 seconds (JVM running for 5.082)] ## ''
[2024-07-09T16:26:17.344+08:00] [INFO] [com.jqmk.examsystem.ExamSystemApplication] [] [] [] [] [] [] [ExamSystemApplication.java,15,com.jqmk.examsystem.ExamSystemApplication,main] [应用启动成功......] ## ''
[2024-07-09T16:31:14.413+08:00] [INFO] [org.springframework.scheduling.concurrent.ThreadPoolTaskScheduler] [] [] [] [] [] [] [ExecutorConfigurationSupport.java,218,org.springframework.scheduling.concurrent.ExecutorConfigurationSupport,shutdown] [Shutting down ExecutorService 'taskScheduler'] ## ''
[2024-07-09T16:31:14.415+08:00] [INFO] [org.springframework.scheduling.concurrent.ThreadPoolTaskExecutor] [] [] [] [] [] [] [ExecutorConfigurationSupport.java,218,org.springframework.scheduling.concurrent.ExecutorConfigurationSupport,shutdown] [Shutting down ExecutorService 'applicationTaskExecutor'] ## ''
[2024-07-09T16:31:18.717+08:00] [INFO] [org.hibernate.validator.internal.util.Version] [] [] [] [] [] [] [Version.java,21,org.hibernate.validator.internal.util.Version,<clinit>] [HV000001: Hibernate Validator 6.1.7.Final] ## ''
[2024-07-09T16:31:18.748+08:00] [INFO] [com.jqmk.examsystem.ExamSystemApplication] [] [] [] [] [] [] [StartupInfoLogger.java,55,org.springframework.boot.StartupInfoLogger,logStarting] [Starting ExamSystemApplication using Java 1.8.0_401 on LAPTOP-EL47K0PH with PID 12144 (D:\JAVA\2024暑假导师项目\jq-exam-system\target\classes started by 2021、 in D:\JAVA\2024暑假导师项目\jq-exam-system)] ## ''
[2024-07-09T16:31:18.755+08:00] [INFO] [com.jqmk.examsystem.ExamSystemApplication] [] [] [] [] [] [] [SpringApplication.java,675,org.springframework.boot.SpringApplication,logStartupProfileInfo] [No active profile set, falling back to default profiles: default] ## ''
[2024-07-09T16:31:20.016+08:00] [INFO] [org.springframework.boot.web.embedded.tomcat.TomcatWebServer] [] [] [] [] [] [] [TomcatWebServer.java,108,org.springframework.boot.web.embedded.tomcat.TomcatWebServer,initialize] [Tomcat initialized with port(s): 5389 (http)] ## ''
[2024-07-09T16:31:20.170+08:00] [INFO] [org.springframework.boot.web.servlet.context.ServletWebServerApplicationContext] [] [] [] [] [] [] [ServletWebServerApplicationContext.java,289,org.springframework.boot.web.servlet.context.ServletWebServerApplicationContext,prepareWebApplicationContext] [Root WebApplicationContext: initialization completed in 1366 ms] ## ''
[2024-07-09T16:31:22.470+08:00] [INFO] [org.springframework.scheduling.concurrent.ThreadPoolTaskExecutor] [] [] [] [] [] [] [ExecutorConfigurationSupport.java,181,org.springframework.scheduling.concurrent.ExecutorConfigurationSupport,initialize] [Initializing ExecutorService 'applicationTaskExecutor'] ## ''
[2024-07-09T16:31:22.669+08:00] [INFO] [org.springframework.scheduling.concurrent.ThreadPoolTaskScheduler] [] [] [] [] [] [] [ExecutorConfigurationSupport.java,181,org.springframework.scheduling.concurrent.ExecutorConfigurationSupport,initialize] [Initializing ExecutorService 'taskScheduler'] ## ''
[2024-07-09T16:31:22.741+08:00] [INFO] [org.springframework.boot.web.embedded.tomcat.TomcatWebServer] [] [] [] [] [] [] [TomcatWebServer.java,220,org.springframework.boot.web.embedded.tomcat.TomcatWebServer,start] [Tomcat started on port(s): 5389 (http) with context path '/jqmk'] ## ''
[2024-07-09T16:31:22.755+08:00] [INFO] [com.jqmk.examsystem.ExamSystemApplication] [] [] [] [] [] [] [StartupInfoLogger.java,61,org.springframework.boot.StartupInfoLogger,logStarted] [Started ExamSystemApplication in 4.394 seconds (JVM running for 6.321)] ## ''
[2024-07-09T16:31:22.758+08:00] [INFO] [com.jqmk.examsystem.ExamSystemApplication] [] [] [] [] [] [] [ExamSystemApplication.java,15,com.jqmk.examsystem.ExamSystemApplication,main] [应用启动成功......] ## ''
[2024-07-09T16:32:31.063+08:00] [INFO] [org.springframework.web.servlet.DispatcherServlet] [] [] [] [] [] [] [FrameworkServlet.java,525,org.springframework.web.servlet.FrameworkServlet,initServletBean] [Initializing Servlet 'dispatcherServlet'] ## ''
[2024-07-09T16:32:31.065+08:00] [INFO] [org.springframework.web.servlet.DispatcherServlet] [] [] [] [] [] [] [FrameworkServlet.java,547,org.springframework.web.servlet.FrameworkServlet,initServletBean] [Completed initialization in 1 ms] ## ''
[2024-07-09T16:32:52.173+08:00] [INFO] [com.zaxxer.hikari.HikariDataSource] [] [] [] [] [] [] [HikariDataSource.java,110,com.zaxxer.hikari.HikariDataSource,getConnection] [HikariPool-1 - Starting...] ## ''
[2024-07-09T16:32:52.363+08:00] [INFO] [com.zaxxer.hikari.HikariDataSource] [] [] [] [] [] [] [HikariDataSource.java,123,com.zaxxer.hikari.HikariDataSource,getConnection] [HikariPool-1 - Start completed.] ## ''
[2024-07-09T17:08:33.100+08:00] [INFO] [org.springframework.scheduling.concurrent.ThreadPoolTaskScheduler] [] [] [] [] [] [] [ExecutorConfigurationSupport.java,218,org.springframework.scheduling.concurrent.ExecutorConfigurationSupport,shutdown] [Shutting down ExecutorService 'taskScheduler'] ## ''
[2024-07-09T17:08:33.102+08:00] [INFO] [org.springframework.scheduling.concurrent.ThreadPoolTaskExecutor] [] [] [] [] [] [] [ExecutorConfigurationSupport.java,218,org.springframework.scheduling.concurrent.ExecutorConfigurationSupport,shutdown] [Shutting down ExecutorService 'applicationTaskExecutor'] ## ''
[2024-07-09T17:08:33.104+08:00] [INFO] [com.zaxxer.hikari.HikariDataSource] [] [] [] [] [] [] [HikariDataSource.java,350,com.zaxxer.hikari.HikariDataSource,close] [HikariPool-1 - Shutdown initiated...] ## ''
[2024-07-09T17:08:33.110+08:00] [INFO] [com.zaxxer.hikari.HikariDataSource] [] [] [] [] [] [] [HikariDataSource.java,352,com.zaxxer.hikari.HikariDataSource,close] [HikariPool-1 - Shutdown completed.] ## ''
[2024-07-09T18:30:35.010+08:00] [INFO] [org.hibernate.validator.internal.util.Version] [] [] [] [] [] [] [Version.java,21,org.hibernate.validator.internal.util.Version,<clinit>] [HV000001: Hibernate Validator 6.1.7.Final] ## ''
[2024-07-09T18:30:35.053+08:00] [INFO] [com.jqmk.examsystem.ExamSystemApplication] [] [] [] [] [] [] [StartupInfoLogger.java,55,org.springframework.boot.StartupInfoLogger,logStarting] [Starting ExamSystemApplication using Java 1.8.0_401 on LAPTOP-EL47K0PH with PID 17368 (D:\JAVA\2024暑假导师项目\jq-exam-system\target\classes started by 2021、 in D:\JAVA\2024暑假导师项目\jq-exam-system)] ## ''
[2024-07-09T18:30:35.059+08:00] [INFO] [com.jqmk.examsystem.ExamSystemApplication] [] [] [] [] [] [] [SpringApplication.java,675,org.springframework.boot.SpringApplication,logStartupProfileInfo] [No active profile set, falling back to default profiles: default] ## ''
[2024-07-09T18:30:36.238+08:00] [INFO] [org.springframework.boot.web.embedded.tomcat.TomcatWebServer] [] [] [] [] [] [] [TomcatWebServer.java,108,org.springframework.boot.web.embedded.tomcat.TomcatWebServer,initialize] [Tomcat initialized with port(s): 5389 (http)] ## ''
[2024-07-09T18:30:36.351+08:00] [INFO] [org.springframework.boot.web.servlet.context.ServletWebServerApplicationContext] [] [] [] [] [] [] [ServletWebServerApplicationContext.java,289,org.springframework.boot.web.servlet.context.ServletWebServerApplicationContext,prepareWebApplicationContext] [Root WebApplicationContext: initialization completed in 1214 ms] ## ''
[2024-07-09T18:30:38.012+08:00] [INFO] [org.springframework.scheduling.concurrent.ThreadPoolTaskExecutor] [] [] [] [] [] [] [ExecutorConfigurationSupport.java,181,org.springframework.scheduling.concurrent.ExecutorConfigurationSupport,initialize] [Initializing ExecutorService 'applicationTaskExecutor'] ## ''
[2024-07-09T18:30:38.218+08:00] [INFO] [org.springframework.scheduling.concurrent.ThreadPoolTaskScheduler] [] [] [] [] [] [] [ExecutorConfigurationSupport.java,181,org.springframework.scheduling.concurrent.ExecutorConfigurationSupport,initialize] [Initializing ExecutorService 'taskScheduler'] ## ''
[2024-07-09T18:30:38.295+08:00] [INFO] [org.springframework.boot.web.embedded.tomcat.TomcatWebServer] [] [] [] [] [] [] [TomcatWebServer.java,220,org.springframework.boot.web.embedded.tomcat.TomcatWebServer,start] [Tomcat started on port(s): 5389 (http) with context path '/jqmk'] ## ''
[2024-07-09T18:30:38.317+08:00] [INFO] [com.jqmk.examsystem.ExamSystemApplication] [] [] [] [] [] [] [StartupInfoLogger.java,61,org.springframework.boot.StartupInfoLogger,logStarted] [Started ExamSystemApplication in 3.717 seconds (JVM running for 6.091)] ## ''
[2024-07-09T18:30:38.320+08:00] [INFO] [com.jqmk.examsystem.ExamSystemApplication] [] [] [] [] [] [] [ExamSystemApplication.java,15,com.jqmk.examsystem.ExamSystemApplication,main] [应用启动成功......] ## ''
[2024-07-09T18:30:38.893+08:00] [INFO] [org.springframework.web.servlet.DispatcherServlet] [] [] [] [] [] [] [FrameworkServlet.java,525,org.springframework.web.servlet.FrameworkServlet,initServletBean] [Initializing Servlet 'dispatcherServlet'] ## ''
[2024-07-09T18:30:38.894+08:00] [INFO] [org.springframework.web.servlet.DispatcherServlet] [] [] [] [] [] [] [FrameworkServlet.java,547,org.springframework.web.servlet.FrameworkServlet,initServletBean] [Completed initialization in 1 ms] ## ''
[2024-07-09T18:30:38.997+08:00] [INFO] [com.zaxxer.hikari.HikariDataSource] [] [] [] [] [] [] [HikariDataSource.java,110,com.zaxxer.hikari.HikariDataSource,getConnection] [HikariPool-1 - Starting...] ## ''
[2024-07-09T18:30:39.123+08:00] [INFO] [com.zaxxer.hikari.HikariDataSource] [] [] [] [] [] [] [HikariDataSource.java,123,com.zaxxer.hikari.HikariDataSource,getConnection] [HikariPool-1 - Start completed.] ## ''
[2024-07-09T18:41:34.321+08:00] [INFO] [org.springframework.scheduling.concurrent.ThreadPoolTaskScheduler] [] [] [] [] [] [] [ExecutorConfigurationSupport.java,218,org.springframework.scheduling.concurrent.ExecutorConfigurationSupport,shutdown] [Shutting down ExecutorService 'taskScheduler'] ## ''
[2024-07-09T18:41:34.323+08:00] [INFO] [org.springframework.scheduling.concurrent.ThreadPoolTaskExecutor] [] [] [] [] [] [] [ExecutorConfigurationSupport.java,218,org.springframework.scheduling.concurrent.ExecutorConfigurationSupport,shutdown] [Shutting down ExecutorService 'applicationTaskExecutor'] ## ''
[2024-07-09T18:41:34.325+08:00] [INFO] [com.zaxxer.hikari.HikariDataSource] [] [] [] [] [] [] [HikariDataSource.java,350,com.zaxxer.hikari.HikariDataSource,close] [HikariPool-1 - Shutdown initiated...] ## ''
[2024-07-09T18:41:34.335+08:00] [INFO] [com.zaxxer.hikari.HikariDataSource] [] [] [] [] [] [] [HikariDataSource.java,352,com.zaxxer.hikari.HikariDataSource,close] [HikariPool-1 - Shutdown completed.] ## ''
