[2024-07-15T10:38:54.504+08:00] [INFO] [org.hibernate.validator.internal.util.Version] [] [] [] [] [] [] [Version.java,21,org.hibernate.validator.internal.util.Version,<clinit>] [HV000001: Hibernate Validator 6.1.7.Final] ## ''
[2024-07-15T10:38:54.539+08:00] [INFO] [com.jqmk.examsystem.ExamSystemApplication] [] [] [] [] [] [] [StartupInfoLogger.java,55,org.springframework.boot.StartupInfoLogger,logStarting] [Starting ExamSystemApplication using Java 1.8.0_401 on LAPTOP-EL47K0PH with PID 4656 (D:\JAVA\2024暑假导师项目\jq-exam-system\target\classes started by 2021、 in D:\JAVA\2024暑假导师项目\jq-exam-system)] ## ''
[2024-07-15T10:38:54.543+08:00] [INFO] [com.jqmk.examsystem.ExamSystemApplication] [] [] [] [] [] [] [SpringApplication.java,675,org.springframework.boot.SpringApplication,logStartupProfileInfo] [No active profile set, falling back to default profiles: default] ## ''
[2024-07-15T10:38:55.590+08:00] [INFO] [org.springframework.boot.web.embedded.tomcat.TomcatWebServer] [] [] [] [] [] [] [TomcatWebServer.java,108,org.springframework.boot.web.embedded.tomcat.TomcatWebServer,initialize] [Tomcat initialized with port(s): 5389 (http)] ## ''
[2024-07-15T10:38:55.699+08:00] [INFO] [org.springframework.boot.web.servlet.context.ServletWebServerApplicationContext] [] [] [] [] [] [] [ServletWebServerApplicationContext.java,289,org.springframework.boot.web.servlet.context.ServletWebServerApplicationContext,prepareWebApplicationContext] [Root WebApplicationContext: initialization completed in 1079 ms] ## ''
[2024-07-15T10:38:57.275+08:00] [INFO] [org.springframework.scheduling.concurrent.ThreadPoolTaskExecutor] [] [] [] [] [] [] [ExecutorConfigurationSupport.java,181,org.springframework.scheduling.concurrent.ExecutorConfigurationSupport,initialize] [Initializing ExecutorService 'applicationTaskExecutor'] ## ''
[2024-07-15T10:38:57.433+08:00] [INFO] [org.springframework.scheduling.concurrent.ThreadPoolTaskScheduler] [] [] [] [] [] [] [ExecutorConfigurationSupport.java,181,org.springframework.scheduling.concurrent.ExecutorConfigurationSupport,initialize] [Initializing ExecutorService 'taskScheduler'] ## ''
[2024-07-15T10:38:57.480+08:00] [INFO] [org.springframework.boot.web.embedded.tomcat.TomcatWebServer] [] [] [] [] [] [] [TomcatWebServer.java,220,org.springframework.boot.web.embedded.tomcat.TomcatWebServer,start] [Tomcat started on port(s): 5389 (http) with context path '/jqmk'] ## ''
[2024-07-15T10:38:57.491+08:00] [INFO] [com.jqmk.examsystem.ExamSystemApplication] [] [] [] [] [] [] [StartupInfoLogger.java,61,org.springframework.boot.StartupInfoLogger,logStarted] [Started ExamSystemApplication in 3.316 seconds (JVM running for 5.023)] ## ''
[2024-07-15T10:38:57.494+08:00] [INFO] [com.jqmk.examsystem.ExamSystemApplication] [] [] [] [] [] [] [ExamSystemApplication.java,15,com.jqmk.examsystem.ExamSystemApplication,main] [应用启动成功......] ## ''
[2024-07-15T10:38:57.507+08:00] [INFO] [com.zaxxer.hikari.HikariDataSource] [] [] [] [] [] [] [HikariDataSource.java,110,com.zaxxer.hikari.HikariDataSource,getConnection] [HikariPool-1 - Starting...] ## ''
[2024-07-15T10:38:57.656+08:00] [INFO] [com.zaxxer.hikari.HikariDataSource] [] [] [] [] [] [] [HikariDataSource.java,123,com.zaxxer.hikari.HikariDataSource,getConnection] [HikariPool-1 - Start completed.] ## ''
[2024-07-15T10:39:16.640+08:00] [INFO] [org.springframework.scheduling.concurrent.ThreadPoolTaskScheduler] [] [] [] [] [] [] [ExecutorConfigurationSupport.java,218,org.springframework.scheduling.concurrent.ExecutorConfigurationSupport,shutdown] [Shutting down ExecutorService 'taskScheduler'] ## ''
[2024-07-15T10:39:16.642+08:00] [INFO] [org.springframework.scheduling.concurrent.ThreadPoolTaskExecutor] [] [] [] [] [] [] [ExecutorConfigurationSupport.java,218,org.springframework.scheduling.concurrent.ExecutorConfigurationSupport,shutdown] [Shutting down ExecutorService 'applicationTaskExecutor'] ## ''
[2024-07-15T10:39:16.643+08:00] [INFO] [com.zaxxer.hikari.HikariDataSource] [] [] [] [] [] [] [HikariDataSource.java,350,com.zaxxer.hikari.HikariDataSource,close] [HikariPool-1 - Shutdown initiated...] ## ''
[2024-07-15T10:39:16.655+08:00] [INFO] [com.zaxxer.hikari.HikariDataSource] [] [] [] [] [] [] [HikariDataSource.java,352,com.zaxxer.hikari.HikariDataSource,close] [HikariPool-1 - Shutdown completed.] ## ''
[2024-07-15T12:01:24.789+08:00] [INFO] [org.hibernate.validator.internal.util.Version] [] [] [] [] [] [] [Version.java,21,org.hibernate.validator.internal.util.Version,<clinit>] [HV000001: Hibernate Validator 6.1.7.Final] ## ''
[2024-07-15T12:01:24.822+08:00] [INFO] [com.jqmk.examsystem.ExamSystemApplication] [] [] [] [] [] [] [StartupInfoLogger.java,55,org.springframework.boot.StartupInfoLogger,logStarting] [Starting ExamSystemApplication using Java 1.8.0_401 on LAPTOP-EL47K0PH with PID 19384 (D:\JAVA\2024暑假导师项目\jq-exam-system\target\classes started by 2021、 in D:\JAVA\2024暑假导师项目\jq-exam-system)] ## ''
[2024-07-15T12:01:24.826+08:00] [INFO] [com.jqmk.examsystem.ExamSystemApplication] [] [] [] [] [] [] [SpringApplication.java,675,org.springframework.boot.SpringApplication,logStartupProfileInfo] [No active profile set, falling back to default profiles: default] ## ''
[2024-07-15T12:01:26.022+08:00] [INFO] [org.springframework.boot.web.embedded.tomcat.TomcatWebServer] [] [] [] [] [] [] [TomcatWebServer.java,108,org.springframework.boot.web.embedded.tomcat.TomcatWebServer,initialize] [Tomcat initialized with port(s): 5389 (http)] ## ''
[2024-07-15T12:01:26.133+08:00] [INFO] [org.springframework.boot.web.servlet.context.ServletWebServerApplicationContext] [] [] [] [] [] [] [ServletWebServerApplicationContext.java,289,org.springframework.boot.web.servlet.context.ServletWebServerApplicationContext,prepareWebApplicationContext] [Root WebApplicationContext: initialization completed in 1264 ms] ## ''
[2024-07-15T12:01:28.749+08:00] [INFO] [org.springframework.scheduling.concurrent.ThreadPoolTaskExecutor] [] [] [] [] [] [] [ExecutorConfigurationSupport.java,181,org.springframework.scheduling.concurrent.ExecutorConfigurationSupport,initialize] [Initializing ExecutorService 'applicationTaskExecutor'] ## ''
[2024-07-15T12:01:29.039+08:00] [INFO] [org.springframework.scheduling.concurrent.ThreadPoolTaskScheduler] [] [] [] [] [] [] [ExecutorConfigurationSupport.java,181,org.springframework.scheduling.concurrent.ExecutorConfigurationSupport,initialize] [Initializing ExecutorService 'taskScheduler'] ## ''
[2024-07-15T12:01:29.130+08:00] [INFO] [org.springframework.boot.web.embedded.tomcat.TomcatWebServer] [] [] [] [] [] [] [TomcatWebServer.java,220,org.springframework.boot.web.embedded.tomcat.TomcatWebServer,start] [Tomcat started on port(s): 5389 (http) with context path '/jqmk'] ## ''
[2024-07-15T12:01:29.146+08:00] [INFO] [com.jqmk.examsystem.ExamSystemApplication] [] [] [] [] [] [] [StartupInfoLogger.java,61,org.springframework.boot.StartupInfoLogger,logStarted] [Started ExamSystemApplication in 4.693 seconds (JVM running for 6.399)] ## ''
[2024-07-15T12:01:29.151+08:00] [INFO] [com.jqmk.examsystem.ExamSystemApplication] [] [] [] [] [] [] [ExamSystemApplication.java,15,com.jqmk.examsystem.ExamSystemApplication,main] [应用启动成功......] ## ''
[2024-07-15T12:01:29.168+08:00] [INFO] [com.zaxxer.hikari.HikariDataSource] [] [] [] [] [] [] [HikariDataSource.java,110,com.zaxxer.hikari.HikariDataSource,getConnection] [HikariPool-1 - Starting...] ## ''
[2024-07-15T12:01:30.412+08:00] [ERROR] [com.zaxxer.hikari.pool.HikariPool] [] [] [] [] [] [] [HikariPool.java,574,com.zaxxer.hikari.pool.HikariPool,throwPoolInitializationException] [HikariPool-1 - Exception during pool initialization.] ## ' java.sql.SQLException: Access denied for user 'root'@'localhost' (using password: YES)
	at com.mysql.cj.jdbc.exceptions.SQLError.createSQLException(SQLError.java:129)
	at com.mysql.cj.jdbc.exceptions.SQLError.createSQLException(SQLError.java:97)
	at com.mysql.cj.jdbc.exceptions.SQLExceptionsMapping.translateException(SQLExceptionsMapping.java:122)
	at com.mysql.cj.jdbc.ConnectionImpl.createNewIO(ConnectionImpl.java:835)
	at com.mysql.cj.jdbc.ConnectionImpl.<init>(ConnectionImpl.java:455)
	at com.mysql.cj.jdbc.ConnectionImpl.getInstance(ConnectionImpl.java:240)
	at com.mysql.cj.jdbc.NonRegisteringDriver.connect(NonRegisteringDriver.java:199)
	at com.zaxxer.hikari.util.DriverDataSource.getConnection(DriverDataSource.java:136)
	at com.zaxxer.hikari.pool.PoolBase.newConnection(PoolBase.java:369)
	at com.zaxxer.hikari.pool.PoolBase.newPoolEntry(PoolBase.java:198)
	at com.zaxxer.hikari.pool.HikariPool.createPoolEntry(HikariPool.java:467)
	at com.zaxxer.hikari.pool.HikariPool.checkFailFast(HikariPool.java:541)
	at com.zaxxer.hikari.pool.HikariPool.<init>(HikariPool.java:115)
	at com.zaxxer.hikari.HikariDataSource.getConnection(HikariDataSource.java:112)
	at org.springframework.jdbc.datasource.DataSourceUtils.fetchConnection(DataSourceUtils.java:158)
	at org.springframework.jdbc.datasource.DataSourceUtils.doGetConnection(DataSourceUtils.java:116)
	at org.springframework.jdbc.datasource.DataSourceUtils.getConnection(DataSourceUtils.java:79)
	at org.mybatis.spring.transaction.SpringManagedTransaction.openConnection(SpringManagedTransaction.java:80)
	at org.mybatis.spring.transaction.SpringManagedTransaction.getConnection(SpringManagedTransaction.java:67)
	at org.apache.ibatis.executor.BaseExecutor.getConnection(BaseExecutor.java:337)
	at org.apache.ibatis.executor.SimpleExecutor.prepareStatement(SimpleExecutor.java:86)
	at org.apache.ibatis.executor.SimpleExecutor.doQuery(SimpleExecutor.java:62)
	at org.apache.ibatis.executor.BaseExecutor.queryFromDatabase(BaseExecutor.java:325)
	at org.apache.ibatis.executor.BaseExecutor.query(BaseExecutor.java:156)
	at org.apache.ibatis.executor.CachingExecutor.query(CachingExecutor.java:109)
	at com.baomidou.mybatisplus.extension.plugins.MybatisPlusInterceptor.intercept(MybatisPlusInterceptor.java:81)
	at org.apache.ibatis.plugin.Plugin.invoke(Plugin.java:62)
	at com.sun.proxy.$Proxy120.query(Unknown Source)
	at org.apache.ibatis.session.defaults.DefaultSqlSession.selectList(DefaultSqlSession.java:151)
	at org.apache.ibatis.session.defaults.DefaultSqlSession.selectList(DefaultSqlSession.java:145)
	at org.apache.ibatis.session.defaults.DefaultSqlSession.selectList(DefaultSqlSession.java:140)
	at sun.reflect.NativeMethodAccessorImpl.invoke0(Native Method)
	at sun.reflect.NativeMethodAccessorImpl.invoke(NativeMethodAccessorImpl.java:62)
	at sun.reflect.DelegatingMethodAccessorImpl.invoke(DelegatingMethodAccessorImpl.java:43)
	at java.lang.reflect.Method.invoke(Method.java:498)
	at org.mybatis.spring.SqlSessionTemplate$SqlSessionInterceptor.invoke(SqlSessionTemplate.java:427)
	at com.sun.proxy.$Proxy84.selectList(Unknown Source)
	at org.mybatis.spring.SqlSessionTemplate.selectList(SqlSessionTemplate.java:224)
	at com.baomidou.mybatisplus.core.override.MybatisMapperMethod.executeForMany(MybatisMapperMethod.java:166)
	at com.baomidou.mybatisplus.core.override.MybatisMapperMethod.execute(MybatisMapperMethod.java:77)
	at com.baomidou.mybatisplus.core.override.MybatisMapperProxy$PlainMethodInvoker.invoke(MybatisMapperProxy.java:148)
	at com.baomidou.mybatisplus.core.override.MybatisMapperProxy.invoke(MybatisMapperProxy.java:89)
	at com.sun.proxy.$Proxy91.findTimeoutRecords(Unknown Source)
	at com.jqmk.examsystem.ExamTimeoutTask.ExamTimeoutTask.checkExamTimeout(ExamTimeoutTask.java:28)
	at sun.reflect.NativeMethodAccessorImpl.invoke0(Native Method)
	at sun.reflect.NativeMethodAccessorImpl.invoke(NativeMethodAccessorImpl.java:62)
	at sun.reflect.DelegatingMethodAccessorImpl.invoke(DelegatingMethodAccessorImpl.java:43)
	at java.lang.reflect.Method.invoke(Method.java:498)
	at org.springframework.scheduling.support.ScheduledMethodRunnable.run(ScheduledMethodRunnable.java:84)
	at org.springframework.scheduling.support.DelegatingErrorHandlingRunnable.run(DelegatingErrorHandlingRunnable.java:54)
	at java.util.concurrent.Executors$RunnableAdapter.call(Executors.java:511)
	at java.util.concurrent.FutureTask.runAndReset(FutureTask.java:308)
	at java.util.concurrent.ScheduledThreadPoolExecutor$ScheduledFutureTask.access$301(ScheduledThreadPoolExecutor.java:180)
	at java.util.concurrent.ScheduledThreadPoolExecutor$ScheduledFutureTask.run(ScheduledThreadPoolExecutor.java:294)
	at java.util.concurrent.ThreadPoolExecutor.runWorker(ThreadPoolExecutor.java:1149)
	at java.util.concurrent.ThreadPoolExecutor$Worker.run(ThreadPoolExecutor.java:624)
	at java.lang.Thread.run(Thread.java:750)
'
[2024-07-15T12:01:30.419+08:00] [ERROR] [org.springframework.scheduling.support.TaskUtils$LoggingErrorHandler] [] [] [] [] [] [] [TaskUtils.java,95,org.springframework.scheduling.support.TaskUtils$LoggingErrorHandler,handleError] [Unexpected error occurred in scheduled task] ## ' org.mybatis.spring.MyBatisSystemException: nested exception is org.apache.ibatis.exceptions.PersistenceException: 
### Error querying database.  Cause: org.springframework.jdbc.CannotGetJdbcConnectionException: Failed to obtain JDBC Connection; nested exception is java.sql.SQLException: Access denied for user 'root'@'localhost' (using password: YES)
### The error may exist in com/jqmk/examsystem/mapper/ExamInfoSummaryMapper.java (best guess)
### The error may involve com.jqmk.examsystem.mapper.ExamInfoSummaryMapper.findTimeoutRecords
### The error occurred while executing a query
### Cause: org.springframework.jdbc.CannotGetJdbcConnectionException: Failed to obtain JDBC Connection; nested exception is java.sql.SQLException: Access denied for user 'root'@'localhost' (using password: YES)
	at org.mybatis.spring.MyBatisExceptionTranslator.translateExceptionIfPossible(MyBatisExceptionTranslator.java:96)
	at org.mybatis.spring.SqlSessionTemplate$SqlSessionInterceptor.invoke(SqlSessionTemplate.java:441)
	at com.sun.proxy.$Proxy84.selectList(Unknown Source)
	at org.mybatis.spring.SqlSessionTemplate.selectList(SqlSessionTemplate.java:224)
	at com.baomidou.mybatisplus.core.override.MybatisMapperMethod.executeForMany(MybatisMapperMethod.java:166)
	at com.baomidou.mybatisplus.core.override.MybatisMapperMethod.execute(MybatisMapperMethod.java:77)
	at com.baomidou.mybatisplus.core.override.MybatisMapperProxy$PlainMethodInvoker.invoke(MybatisMapperProxy.java:148)
	at com.baomidou.mybatisplus.core.override.MybatisMapperProxy.invoke(MybatisMapperProxy.java:89)
	at com.sun.proxy.$Proxy91.findTimeoutRecords(Unknown Source)
	at com.jqmk.examsystem.ExamTimeoutTask.ExamTimeoutTask.checkExamTimeout(ExamTimeoutTask.java:28)
	at sun.reflect.NativeMethodAccessorImpl.invoke0(Native Method)
	at sun.reflect.NativeMethodAccessorImpl.invoke(NativeMethodAccessorImpl.java:62)
	at sun.reflect.DelegatingMethodAccessorImpl.invoke(DelegatingMethodAccessorImpl.java:43)
	at java.lang.reflect.Method.invoke(Method.java:498)
	at org.springframework.scheduling.support.ScheduledMethodRunnable.run(ScheduledMethodRunnable.java:84)
	at org.springframework.scheduling.support.DelegatingErrorHandlingRunnable.run(DelegatingErrorHandlingRunnable.java:54)
	at java.util.concurrent.Executors$RunnableAdapter.call(Executors.java:511)
	at java.util.concurrent.FutureTask.runAndReset(FutureTask.java:308)
	at java.util.concurrent.ScheduledThreadPoolExecutor$ScheduledFutureTask.access$301(ScheduledThreadPoolExecutor.java:180)
	at java.util.concurrent.ScheduledThreadPoolExecutor$ScheduledFutureTask.run(ScheduledThreadPoolExecutor.java:294)
	at java.util.concurrent.ThreadPoolExecutor.runWorker(ThreadPoolExecutor.java:1149)
	at java.util.concurrent.ThreadPoolExecutor$Worker.run(ThreadPoolExecutor.java:624)
	at java.lang.Thread.run(Thread.java:750)
Caused by: org.apache.ibatis.exceptions.PersistenceException: 
### Error querying database.  Cause: org.springframework.jdbc.CannotGetJdbcConnectionException: Failed to obtain JDBC Connection; nested exception is java.sql.SQLException: Access denied for user 'root'@'localhost' (using password: YES)
### The error may exist in com/jqmk/examsystem/mapper/ExamInfoSummaryMapper.java (best guess)
### The error may involve com.jqmk.examsystem.mapper.ExamInfoSummaryMapper.findTimeoutRecords
### The error occurred while executing a query
### Cause: org.springframework.jdbc.CannotGetJdbcConnectionException: Failed to obtain JDBC Connection; nested exception is java.sql.SQLException: Access denied for user 'root'@'localhost' (using password: YES)
	at org.apache.ibatis.exceptions.ExceptionFactory.wrapException(ExceptionFactory.java:30)
	at org.apache.ibatis.session.defaults.DefaultSqlSession.selectList(DefaultSqlSession.java:153)
	at org.apache.ibatis.session.defaults.DefaultSqlSession.selectList(DefaultSqlSession.java:145)
	at org.apache.ibatis.session.defaults.DefaultSqlSession.selectList(DefaultSqlSession.java:140)
	at sun.reflect.NativeMethodAccessorImpl.invoke0(Native Method)
	at sun.reflect.NativeMethodAccessorImpl.invoke(NativeMethodAccessorImpl.java:62)
	at sun.reflect.DelegatingMethodAccessorImpl.invoke(DelegatingMethodAccessorImpl.java:43)
	at java.lang.reflect.Method.invoke(Method.java:498)
	at org.mybatis.spring.SqlSessionTemplate$SqlSessionInterceptor.invoke(SqlSessionTemplate.java:427)
	... 21 more
Caused by: org.springframework.jdbc.CannotGetJdbcConnectionException: Failed to obtain JDBC Connection; nested exception is java.sql.SQLException: Access denied for user 'root'@'localhost' (using password: YES)
	at org.springframework.jdbc.datasource.DataSourceUtils.getConnection(DataSourceUtils.java:82)
	at org.mybatis.spring.transaction.SpringManagedTransaction.openConnection(SpringManagedTransaction.java:80)
	at org.mybatis.spring.transaction.SpringManagedTransaction.getConnection(SpringManagedTransaction.java:67)
	at org.apache.ibatis.executor.BaseExecutor.getConnection(BaseExecutor.java:337)
	at org.apache.ibatis.executor.SimpleExecutor.prepareStatement(SimpleExecutor.java:86)
	at org.apache.ibatis.executor.SimpleExecutor.doQuery(SimpleExecutor.java:62)
	at org.apache.ibatis.executor.BaseExecutor.queryFromDatabase(BaseExecutor.java:325)
	at org.apache.ibatis.executor.BaseExecutor.query(BaseExecutor.java:156)
	at org.apache.ibatis.executor.CachingExecutor.query(CachingExecutor.java:109)
	at com.baomidou.mybatisplus.extension.plugins.MybatisPlusInterceptor.intercept(MybatisPlusInterceptor.java:81)
	at org.apache.ibatis.plugin.Plugin.invoke(Plugin.java:62)
	at com.sun.proxy.$Proxy120.query(Unknown Source)
	at org.apache.ibatis.session.defaults.DefaultSqlSession.selectList(DefaultSqlSession.java:151)
	... 28 more
Caused by: java.sql.SQLException: Access denied for user 'root'@'localhost' (using password: YES)
	at com.mysql.cj.jdbc.exceptions.SQLError.createSQLException(SQLError.java:129)
	at com.mysql.cj.jdbc.exceptions.SQLError.createSQLException(SQLError.java:97)
	at com.mysql.cj.jdbc.exceptions.SQLExceptionsMapping.translateException(SQLExceptionsMapping.java:122)
	at com.mysql.cj.jdbc.ConnectionImpl.createNewIO(ConnectionImpl.java:835)
	at com.mysql.cj.jdbc.ConnectionImpl.<init>(ConnectionImpl.java:455)
	at com.mysql.cj.jdbc.ConnectionImpl.getInstance(ConnectionImpl.java:240)
	at com.mysql.cj.jdbc.NonRegisteringDriver.connect(NonRegisteringDriver.java:199)
	at com.zaxxer.hikari.util.DriverDataSource.getConnection(DriverDataSource.java:136)
	at com.zaxxer.hikari.pool.PoolBase.newConnection(PoolBase.java:369)
	at com.zaxxer.hikari.pool.PoolBase.newPoolEntry(PoolBase.java:198)
	at com.zaxxer.hikari.pool.HikariPool.createPoolEntry(HikariPool.java:467)
	at com.zaxxer.hikari.pool.HikariPool.checkFailFast(HikariPool.java:541)
	at com.zaxxer.hikari.pool.HikariPool.<init>(HikariPool.java:115)
	at com.zaxxer.hikari.HikariDataSource.getConnection(HikariDataSource.java:112)
	at org.springframework.jdbc.datasource.DataSourceUtils.fetchConnection(DataSourceUtils.java:158)
	at org.springframework.jdbc.datasource.DataSourceUtils.doGetConnection(DataSourceUtils.java:116)
	at org.springframework.jdbc.datasource.DataSourceUtils.getConnection(DataSourceUtils.java:79)
	... 40 more
'
[2024-07-15T12:02:29.153+08:00] [INFO] [com.zaxxer.hikari.HikariDataSource] [] [] [] [] [] [] [HikariDataSource.java,110,com.zaxxer.hikari.HikariDataSource,getConnection] [HikariPool-1 - Starting...] ## ''
[2024-07-15T12:02:30.167+08:00] [ERROR] [com.zaxxer.hikari.pool.HikariPool] [] [] [] [] [] [] [HikariPool.java,574,com.zaxxer.hikari.pool.HikariPool,throwPoolInitializationException] [HikariPool-1 - Exception during pool initialization.] ## ' java.sql.SQLException: Access denied for user 'root'@'localhost' (using password: YES)
	at com.mysql.cj.jdbc.exceptions.SQLError.createSQLException(SQLError.java:129)
	at com.mysql.cj.jdbc.exceptions.SQLError.createSQLException(SQLError.java:97)
	at com.mysql.cj.jdbc.exceptions.SQLExceptionsMapping.translateException(SQLExceptionsMapping.java:122)
	at com.mysql.cj.jdbc.ConnectionImpl.createNewIO(ConnectionImpl.java:835)
	at com.mysql.cj.jdbc.ConnectionImpl.<init>(ConnectionImpl.java:455)
	at com.mysql.cj.jdbc.ConnectionImpl.getInstance(ConnectionImpl.java:240)
	at com.mysql.cj.jdbc.NonRegisteringDriver.connect(NonRegisteringDriver.java:199)
	at com.zaxxer.hikari.util.DriverDataSource.getConnection(DriverDataSource.java:136)
	at com.zaxxer.hikari.pool.PoolBase.newConnection(PoolBase.java:369)
	at com.zaxxer.hikari.pool.PoolBase.newPoolEntry(PoolBase.java:198)
	at com.zaxxer.hikari.pool.HikariPool.createPoolEntry(HikariPool.java:467)
	at com.zaxxer.hikari.pool.HikariPool.checkFailFast(HikariPool.java:541)
	at com.zaxxer.hikari.pool.HikariPool.<init>(HikariPool.java:115)
	at com.zaxxer.hikari.HikariDataSource.getConnection(HikariDataSource.java:112)
	at org.springframework.jdbc.datasource.DataSourceUtils.fetchConnection(DataSourceUtils.java:158)
	at org.springframework.jdbc.datasource.DataSourceUtils.doGetConnection(DataSourceUtils.java:116)
	at org.springframework.jdbc.datasource.DataSourceUtils.getConnection(DataSourceUtils.java:79)
	at org.mybatis.spring.transaction.SpringManagedTransaction.openConnection(SpringManagedTransaction.java:80)
	at org.mybatis.spring.transaction.SpringManagedTransaction.getConnection(SpringManagedTransaction.java:67)
	at org.apache.ibatis.executor.BaseExecutor.getConnection(BaseExecutor.java:337)
	at org.apache.ibatis.executor.SimpleExecutor.prepareStatement(SimpleExecutor.java:86)
	at org.apache.ibatis.executor.SimpleExecutor.doQuery(SimpleExecutor.java:62)
	at org.apache.ibatis.executor.BaseExecutor.queryFromDatabase(BaseExecutor.java:325)
	at org.apache.ibatis.executor.BaseExecutor.query(BaseExecutor.java:156)
	at org.apache.ibatis.executor.CachingExecutor.query(CachingExecutor.java:109)
	at com.baomidou.mybatisplus.extension.plugins.MybatisPlusInterceptor.intercept(MybatisPlusInterceptor.java:81)
	at org.apache.ibatis.plugin.Plugin.invoke(Plugin.java:62)
	at com.sun.proxy.$Proxy120.query(Unknown Source)
	at org.apache.ibatis.session.defaults.DefaultSqlSession.selectList(DefaultSqlSession.java:151)
	at org.apache.ibatis.session.defaults.DefaultSqlSession.selectList(DefaultSqlSession.java:145)
	at org.apache.ibatis.session.defaults.DefaultSqlSession.selectList(DefaultSqlSession.java:140)
	at sun.reflect.NativeMethodAccessorImpl.invoke0(Native Method)
	at sun.reflect.NativeMethodAccessorImpl.invoke(NativeMethodAccessorImpl.java:62)
	at sun.reflect.DelegatingMethodAccessorImpl.invoke(DelegatingMethodAccessorImpl.java:43)
	at java.lang.reflect.Method.invoke(Method.java:498)
	at org.mybatis.spring.SqlSessionTemplate$SqlSessionInterceptor.invoke(SqlSessionTemplate.java:427)
	at com.sun.proxy.$Proxy84.selectList(Unknown Source)
	at org.mybatis.spring.SqlSessionTemplate.selectList(SqlSessionTemplate.java:224)
	at com.baomidou.mybatisplus.core.override.MybatisMapperMethod.executeForMany(MybatisMapperMethod.java:166)
	at com.baomidou.mybatisplus.core.override.MybatisMapperMethod.execute(MybatisMapperMethod.java:77)
	at com.baomidou.mybatisplus.core.override.MybatisMapperProxy$PlainMethodInvoker.invoke(MybatisMapperProxy.java:148)
	at com.baomidou.mybatisplus.core.override.MybatisMapperProxy.invoke(MybatisMapperProxy.java:89)
	at com.sun.proxy.$Proxy91.findTimeoutRecords(Unknown Source)
	at com.jqmk.examsystem.ExamTimeoutTask.ExamTimeoutTask.checkExamTimeout(ExamTimeoutTask.java:28)
	at sun.reflect.NativeMethodAccessorImpl.invoke0(Native Method)
	at sun.reflect.NativeMethodAccessorImpl.invoke(NativeMethodAccessorImpl.java:62)
	at sun.reflect.DelegatingMethodAccessorImpl.invoke(DelegatingMethodAccessorImpl.java:43)
	at java.lang.reflect.Method.invoke(Method.java:498)
	at org.springframework.scheduling.support.ScheduledMethodRunnable.run(ScheduledMethodRunnable.java:84)
	at org.springframework.scheduling.support.DelegatingErrorHandlingRunnable.run(DelegatingErrorHandlingRunnable.java:54)
	at java.util.concurrent.Executors$RunnableAdapter.call(Executors.java:511)
	at java.util.concurrent.FutureTask.runAndReset(FutureTask.java:308)
	at java.util.concurrent.ScheduledThreadPoolExecutor$ScheduledFutureTask.access$301(ScheduledThreadPoolExecutor.java:180)
	at java.util.concurrent.ScheduledThreadPoolExecutor$ScheduledFutureTask.run(ScheduledThreadPoolExecutor.java:294)
	at java.util.concurrent.ThreadPoolExecutor.runWorker(ThreadPoolExecutor.java:1149)
	at java.util.concurrent.ThreadPoolExecutor$Worker.run(ThreadPoolExecutor.java:624)
	at java.lang.Thread.run(Thread.java:750)
'
[2024-07-15T12:02:30.169+08:00] [ERROR] [org.springframework.scheduling.support.TaskUtils$LoggingErrorHandler] [] [] [] [] [] [] [TaskUtils.java,95,org.springframework.scheduling.support.TaskUtils$LoggingErrorHandler,handleError] [Unexpected error occurred in scheduled task] ## ' org.mybatis.spring.MyBatisSystemException: nested exception is org.apache.ibatis.exceptions.PersistenceException: 
### Error querying database.  Cause: org.springframework.jdbc.CannotGetJdbcConnectionException: Failed to obtain JDBC Connection; nested exception is java.sql.SQLException: Access denied for user 'root'@'localhost' (using password: YES)
### The error may exist in com/jqmk/examsystem/mapper/ExamInfoSummaryMapper.java (best guess)
### The error may involve com.jqmk.examsystem.mapper.ExamInfoSummaryMapper.findTimeoutRecords
### The error occurred while executing a query
### Cause: org.springframework.jdbc.CannotGetJdbcConnectionException: Failed to obtain JDBC Connection; nested exception is java.sql.SQLException: Access denied for user 'root'@'localhost' (using password: YES)
	at org.mybatis.spring.MyBatisExceptionTranslator.translateExceptionIfPossible(MyBatisExceptionTranslator.java:96)
	at org.mybatis.spring.SqlSessionTemplate$SqlSessionInterceptor.invoke(SqlSessionTemplate.java:441)
	at com.sun.proxy.$Proxy84.selectList(Unknown Source)
	at org.mybatis.spring.SqlSessionTemplate.selectList(SqlSessionTemplate.java:224)
	at com.baomidou.mybatisplus.core.override.MybatisMapperMethod.executeForMany(MybatisMapperMethod.java:166)
	at com.baomidou.mybatisplus.core.override.MybatisMapperMethod.execute(MybatisMapperMethod.java:77)
	at com.baomidou.mybatisplus.core.override.MybatisMapperProxy$PlainMethodInvoker.invoke(MybatisMapperProxy.java:148)
	at com.baomidou.mybatisplus.core.override.MybatisMapperProxy.invoke(MybatisMapperProxy.java:89)
	at com.sun.proxy.$Proxy91.findTimeoutRecords(Unknown Source)
	at com.jqmk.examsystem.ExamTimeoutTask.ExamTimeoutTask.checkExamTimeout(ExamTimeoutTask.java:28)
	at sun.reflect.NativeMethodAccessorImpl.invoke0(Native Method)
	at sun.reflect.NativeMethodAccessorImpl.invoke(NativeMethodAccessorImpl.java:62)
	at sun.reflect.DelegatingMethodAccessorImpl.invoke(DelegatingMethodAccessorImpl.java:43)
	at java.lang.reflect.Method.invoke(Method.java:498)
	at org.springframework.scheduling.support.ScheduledMethodRunnable.run(ScheduledMethodRunnable.java:84)
	at org.springframework.scheduling.support.DelegatingErrorHandlingRunnable.run(DelegatingErrorHandlingRunnable.java:54)
	at java.util.concurrent.Executors$RunnableAdapter.call(Executors.java:511)
	at java.util.concurrent.FutureTask.runAndReset(FutureTask.java:308)
	at java.util.concurrent.ScheduledThreadPoolExecutor$ScheduledFutureTask.access$301(ScheduledThreadPoolExecutor.java:180)
	at java.util.concurrent.ScheduledThreadPoolExecutor$ScheduledFutureTask.run(ScheduledThreadPoolExecutor.java:294)
	at java.util.concurrent.ThreadPoolExecutor.runWorker(ThreadPoolExecutor.java:1149)
	at java.util.concurrent.ThreadPoolExecutor$Worker.run(ThreadPoolExecutor.java:624)
	at java.lang.Thread.run(Thread.java:750)
Caused by: org.apache.ibatis.exceptions.PersistenceException: 
### Error querying database.  Cause: org.springframework.jdbc.CannotGetJdbcConnectionException: Failed to obtain JDBC Connection; nested exception is java.sql.SQLException: Access denied for user 'root'@'localhost' (using password: YES)
### The error may exist in com/jqmk/examsystem/mapper/ExamInfoSummaryMapper.java (best guess)
### The error may involve com.jqmk.examsystem.mapper.ExamInfoSummaryMapper.findTimeoutRecords
### The error occurred while executing a query
### Cause: org.springframework.jdbc.CannotGetJdbcConnectionException: Failed to obtain JDBC Connection; nested exception is java.sql.SQLException: Access denied for user 'root'@'localhost' (using password: YES)
	at org.apache.ibatis.exceptions.ExceptionFactory.wrapException(ExceptionFactory.java:30)
	at org.apache.ibatis.session.defaults.DefaultSqlSession.selectList(DefaultSqlSession.java:153)
	at org.apache.ibatis.session.defaults.DefaultSqlSession.selectList(DefaultSqlSession.java:145)
	at org.apache.ibatis.session.defaults.DefaultSqlSession.selectList(DefaultSqlSession.java:140)
	at sun.reflect.NativeMethodAccessorImpl.invoke0(Native Method)
	at sun.reflect.NativeMethodAccessorImpl.invoke(NativeMethodAccessorImpl.java:62)
	at sun.reflect.DelegatingMethodAccessorImpl.invoke(DelegatingMethodAccessorImpl.java:43)
	at java.lang.reflect.Method.invoke(Method.java:498)
	at org.mybatis.spring.SqlSessionTemplate$SqlSessionInterceptor.invoke(SqlSessionTemplate.java:427)
	... 21 more
Caused by: org.springframework.jdbc.CannotGetJdbcConnectionException: Failed to obtain JDBC Connection; nested exception is java.sql.SQLException: Access denied for user 'root'@'localhost' (using password: YES)
	at org.springframework.jdbc.datasource.DataSourceUtils.getConnection(DataSourceUtils.java:82)
	at org.mybatis.spring.transaction.SpringManagedTransaction.openConnection(SpringManagedTransaction.java:80)
	at org.mybatis.spring.transaction.SpringManagedTransaction.getConnection(SpringManagedTransaction.java:67)
	at org.apache.ibatis.executor.BaseExecutor.getConnection(BaseExecutor.java:337)
	at org.apache.ibatis.executor.SimpleExecutor.prepareStatement(SimpleExecutor.java:86)
	at org.apache.ibatis.executor.SimpleExecutor.doQuery(SimpleExecutor.java:62)
	at org.apache.ibatis.executor.BaseExecutor.queryFromDatabase(BaseExecutor.java:325)
	at org.apache.ibatis.executor.BaseExecutor.query(BaseExecutor.java:156)
	at org.apache.ibatis.executor.CachingExecutor.query(CachingExecutor.java:109)
	at com.baomidou.mybatisplus.extension.plugins.MybatisPlusInterceptor.intercept(MybatisPlusInterceptor.java:81)
	at org.apache.ibatis.plugin.Plugin.invoke(Plugin.java:62)
	at com.sun.proxy.$Proxy120.query(Unknown Source)
	at org.apache.ibatis.session.defaults.DefaultSqlSession.selectList(DefaultSqlSession.java:151)
	... 28 more
Caused by: java.sql.SQLException: Access denied for user 'root'@'localhost' (using password: YES)
	at com.mysql.cj.jdbc.exceptions.SQLError.createSQLException(SQLError.java:129)
	at com.mysql.cj.jdbc.exceptions.SQLError.createSQLException(SQLError.java:97)
	at com.mysql.cj.jdbc.exceptions.SQLExceptionsMapping.translateException(SQLExceptionsMapping.java:122)
	at com.mysql.cj.jdbc.ConnectionImpl.createNewIO(ConnectionImpl.java:835)
	at com.mysql.cj.jdbc.ConnectionImpl.<init>(ConnectionImpl.java:455)
	at com.mysql.cj.jdbc.ConnectionImpl.getInstance(ConnectionImpl.java:240)
	at com.mysql.cj.jdbc.NonRegisteringDriver.connect(NonRegisteringDriver.java:199)
	at com.zaxxer.hikari.util.DriverDataSource.getConnection(DriverDataSource.java:136)
	at com.zaxxer.hikari.pool.PoolBase.newConnection(PoolBase.java:369)
	at com.zaxxer.hikari.pool.PoolBase.newPoolEntry(PoolBase.java:198)
	at com.zaxxer.hikari.pool.HikariPool.createPoolEntry(HikariPool.java:467)
	at com.zaxxer.hikari.pool.HikariPool.checkFailFast(HikariPool.java:541)
	at com.zaxxer.hikari.pool.HikariPool.<init>(HikariPool.java:115)
	at com.zaxxer.hikari.HikariDataSource.getConnection(HikariDataSource.java:112)
	at org.springframework.jdbc.datasource.DataSourceUtils.fetchConnection(DataSourceUtils.java:158)
	at org.springframework.jdbc.datasource.DataSourceUtils.doGetConnection(DataSourceUtils.java:116)
	at org.springframework.jdbc.datasource.DataSourceUtils.getConnection(DataSourceUtils.java:79)
	... 40 more
'
[2024-07-15T12:02:43.254+08:00] [INFO] [org.springframework.scheduling.concurrent.ThreadPoolTaskScheduler] [] [] [] [] [] [] [ExecutorConfigurationSupport.java,218,org.springframework.scheduling.concurrent.ExecutorConfigurationSupport,shutdown] [Shutting down ExecutorService 'taskScheduler'] ## ''
[2024-07-15T12:02:43.255+08:00] [INFO] [org.springframework.scheduling.concurrent.ThreadPoolTaskExecutor] [] [] [] [] [] [] [ExecutorConfigurationSupport.java,218,org.springframework.scheduling.concurrent.ExecutorConfigurationSupport,shutdown] [Shutting down ExecutorService 'applicationTaskExecutor'] ## ''
[2024-07-15T12:02:48.486+08:00] [INFO] [org.hibernate.validator.internal.util.Version] [] [] [] [] [] [] [Version.java,21,org.hibernate.validator.internal.util.Version,<clinit>] [HV000001: Hibernate Validator 6.1.7.Final] ## ''
[2024-07-15T12:02:48.508+08:00] [INFO] [com.jqmk.examsystem.ExamSystemApplication] [] [] [] [] [] [] [StartupInfoLogger.java,55,org.springframework.boot.StartupInfoLogger,logStarting] [Starting ExamSystemApplication using Java 1.8.0_401 on LAPTOP-EL47K0PH with PID 8828 (D:\JAVA\2024暑假导师项目\jq-exam-system\target\classes started by 2021、 in D:\JAVA\2024暑假导师项目\jq-exam-system)] ## ''
[2024-07-15T12:02:48.511+08:00] [INFO] [com.jqmk.examsystem.ExamSystemApplication] [] [] [] [] [] [] [SpringApplication.java,675,org.springframework.boot.SpringApplication,logStartupProfileInfo] [No active profile set, falling back to default profiles: default] ## ''
[2024-07-15T12:02:49.520+08:00] [INFO] [org.springframework.boot.web.embedded.tomcat.TomcatWebServer] [] [] [] [] [] [] [TomcatWebServer.java,108,org.springframework.boot.web.embedded.tomcat.TomcatWebServer,initialize] [Tomcat initialized with port(s): 5389 (http)] ## ''
[2024-07-15T12:02:49.635+08:00] [INFO] [org.springframework.boot.web.servlet.context.ServletWebServerApplicationContext] [] [] [] [] [] [] [ServletWebServerApplicationContext.java,289,org.springframework.boot.web.servlet.context.ServletWebServerApplicationContext,prepareWebApplicationContext] [Root WebApplicationContext: initialization completed in 1090 ms] ## ''
[2024-07-15T12:02:51.904+08:00] [INFO] [org.springframework.scheduling.concurrent.ThreadPoolTaskExecutor] [] [] [] [] [] [] [ExecutorConfigurationSupport.java,181,org.springframework.scheduling.concurrent.ExecutorConfigurationSupport,initialize] [Initializing ExecutorService 'applicationTaskExecutor'] ## ''
[2024-07-15T12:02:52.073+08:00] [INFO] [org.springframework.scheduling.concurrent.ThreadPoolTaskScheduler] [] [] [] [] [] [] [ExecutorConfigurationSupport.java,181,org.springframework.scheduling.concurrent.ExecutorConfigurationSupport,initialize] [Initializing ExecutorService 'taskScheduler'] ## ''
[2024-07-15T12:02:52.125+08:00] [INFO] [org.springframework.boot.web.embedded.tomcat.TomcatWebServer] [] [] [] [] [] [] [TomcatWebServer.java,220,org.springframework.boot.web.embedded.tomcat.TomcatWebServer,start] [Tomcat started on port(s): 5389 (http) with context path '/jqmk'] ## ''
[2024-07-15T12:02:52.136+08:00] [INFO] [com.jqmk.examsystem.ExamSystemApplication] [] [] [] [] [] [] [StartupInfoLogger.java,61,org.springframework.boot.StartupInfoLogger,logStarted] [Started ExamSystemApplication in 3.927 seconds (JVM running for 5.37)] ## ''
[2024-07-15T12:02:52.140+08:00] [INFO] [com.jqmk.examsystem.ExamSystemApplication] [] [] [] [] [] [] [ExamSystemApplication.java,15,com.jqmk.examsystem.ExamSystemApplication,main] [应用启动成功......] ## ''
[2024-07-15T12:02:52.153+08:00] [INFO] [com.zaxxer.hikari.HikariDataSource] [] [] [] [] [] [] [HikariDataSource.java,110,com.zaxxer.hikari.HikariDataSource,getConnection] [HikariPool-1 - Starting...] ## ''
[2024-07-15T12:02:52.260+08:00] [INFO] [com.zaxxer.hikari.HikariDataSource] [] [] [] [] [] [] [HikariDataSource.java,123,com.zaxxer.hikari.HikariDataSource,getConnection] [HikariPool-1 - Start completed.] ## ''
[2024-07-15T12:03:17.401+08:00] [INFO] [org.springframework.web.servlet.DispatcherServlet] [] [] [] [] [] [] [FrameworkServlet.java,525,org.springframework.web.servlet.FrameworkServlet,initServletBean] [Initializing Servlet 'dispatcherServlet'] ## ''
[2024-07-15T12:03:17.402+08:00] [INFO] [org.springframework.web.servlet.DispatcherServlet] [] [] [] [] [] [] [FrameworkServlet.java,547,org.springframework.web.servlet.FrameworkServlet,initServletBean] [Completed initialization in 1 ms] ## ''
[2024-07-15T12:08:15.233+08:00] [INFO] [org.springframework.scheduling.concurrent.ThreadPoolTaskScheduler] [] [] [] [] [] [] [ExecutorConfigurationSupport.java,218,org.springframework.scheduling.concurrent.ExecutorConfigurationSupport,shutdown] [Shutting down ExecutorService 'taskScheduler'] ## ''
[2024-07-15T12:08:15.234+08:00] [INFO] [org.springframework.scheduling.concurrent.ThreadPoolTaskExecutor] [] [] [] [] [] [] [ExecutorConfigurationSupport.java,218,org.springframework.scheduling.concurrent.ExecutorConfigurationSupport,shutdown] [Shutting down ExecutorService 'applicationTaskExecutor'] ## ''
[2024-07-15T12:08:15.236+08:00] [INFO] [com.zaxxer.hikari.HikariDataSource] [] [] [] [] [] [] [HikariDataSource.java,350,com.zaxxer.hikari.HikariDataSource,close] [HikariPool-1 - Shutdown initiated...] ## ''
[2024-07-15T12:08:15.242+08:00] [INFO] [com.zaxxer.hikari.HikariDataSource] [] [] [] [] [] [] [HikariDataSource.java,352,com.zaxxer.hikari.HikariDataSource,close] [HikariPool-1 - Shutdown completed.] ## ''
